[  2%] Built target mpu6050_publisher__rosidl_generator_type_description
[  2%] Built target ament_cmake_python_copy_mpu6050_publisher
[  5%] [32mBuilding CXX object CMakeFiles/mpu.dir/src/MPU6050.cpp.o[0m
[ 10%] Built target mpu6050_publisher__cpp
[ 21%] Built target mpu6050_publisher__rosidl_generator_c
[ 28%] Built target mpu6050_publisher__rosidl_typesupport_introspection_c
[ 36%] Built target mpu6050_publisher__rosidl_typesupport_cpp
[ 52%] Built target mpu6050_publisher__rosidl_typesupport_fastrtps_cpp
[ 52%] Built target mpu6050_publisher__rosidl_typesupport_c
[ 60%] Built target mpu6050_publisher__rosidl_typesupport_introspection_cpp
[ 68%] Built target mpu6050_publisher__rosidl_typesupport_fastrtps_c
[ 68%] Built target mpu6050_publisher
[ 71%] [34m[1mGenerating Python code for ROS interfaces[0m
running egg_info
writing mpu6050_publisher.egg-info/PKG-INFO
writing dependency_links to mpu6050_publisher.egg-info/dependency_links.txt
writing top-level names to mpu6050_publisher.egg-info/top_level.txt
reading manifest file 'mpu6050_publisher.egg-info/SOURCES.txt'
writing manifest file 'mpu6050_publisher.egg-info/SOURCES.txt'
[ 71%] Built target ament_cmake_python_build_mpu6050_publisher_egg
[ 71%] Built target mpu6050_publisher__py
