[0.032s] Invoking command in '/home/matwac/drone_pi/build/MPU6050_package': CMAKE_PREFIX_PATH=/opt/ros/iron /usr/bin/cmake /home/matwac/drone_pi/src/MPU6050_package -DCMAKE_INSTALL_PREFIX=/home/matwac/drone_pi/install/MPU6050_package
[0.505s] -- The C compiler identification is GNU 11.3.0
[2.444s] -- The CXX compiler identification is GNU 11.3.0
[3.999s] -- Detecting C compiler ABI info
[4.485s] -- Detecting C compiler ABI info - done
[4.497s] -- Check for working C compiler: /usr/bin/cc - skipped
[4.497s] -- Detecting C compile features
[4.498s] -- Detecting C compile features - done
[4.506s] -- Detecting CXX compiler ABI info
[4.978s] -- Detecting CXX compiler ABI info - done
[4.990s] -- Check for working CXX compiler: /usr/bin/c++ - skipped
[4.991s] -- Detecting CXX compile features
[4.992s] -- Detecting CXX compile features - done
[5.005s] -- Found ament_cmake: 2.0.3 (/opt/ros/iron/share/ament_cmake/cmake)
[5.292s] -- Found Python3: /usr/bin/python3.10 (found version "3.10.6") found components: Interpreter 
[5.447s] -- Found rclcpp: 21.0.1 (/opt/ros/iron/share/rclcpp/cmake)
[6.000s] -- Found rosidl_generator_c: 4.0.0 (/opt/ros/iron/share/rosidl_generator_c/cmake)
[6.022s] -- Found rosidl_generator_cpp: 4.0.0 (/opt/ros/iron/share/rosidl_generator_cpp/cmake)
[6.053s] -- Using all available rosidl_typesupport_c: rosidl_typesupport_fastrtps_c;rosidl_typesupport_introspection_c
[6.081s] -- Using all available rosidl_typesupport_cpp: rosidl_typesupport_fastrtps_cpp;rosidl_typesupport_introspection_cpp
[6.384s] -- Found rmw_implementation_cmake: 7.1.0 (/opt/ros/iron/share/rmw_implementation_cmake/cmake)
[6.388s] -- Found rmw_fastrtps_cpp: 7.1.1 (/opt/ros/iron/share/rmw_fastrtps_cpp/cmake)
[12.293s] -- Found OpenSSL: /usr/lib/x86_64-linux-gnu/libcrypto.so (found version "3.0.2")  
[18.229s] -- Found FastRTPS: /opt/ros/iron/include  
[28.925s] -- Using RMW implementation 'rmw_fastrtps_cpp' as default
[29.338s] -- Found std_msgs: 5.0.0 (/opt/ros/iron/share/std_msgs/cmake)
[29.434s] -- Looking for pthread.h
[30.021s] -- Looking for pthread.h - found
[30.021s] -- Performing Test CMAKE_HAVE_LIBC_PTHREAD
[30.503s] -- Performing Test CMAKE_HAVE_LIBC_PTHREAD - Success
[30.505s] -- Found Threads: TRUE  
[30.511s] -- Found rosidl_default_generators: 1.5.0 (/opt/ros/iron/share/rosidl_default_generators/cmake)
[30.546s] -- Found rosidl_adapter: 4.0.0 (/opt/ros/iron/share/rosidl_adapter/cmake)
[30.973s] [31mCMake Error at /opt/ros/iron/share/rosidl_adapter/cmake/rosidl_adapt_interfaces.cmake:57 (message):
[30.974s]   execute_process(/usr/bin/python3.10 -m rosidl_adapter --package-name
[30.975s]   MPU6050_package --arguments-file
[30.976s]   /home/matwac/drone_pi/build/MPU6050_package/rosidl_adapter__arguments__MPU6050_package.json
[30.976s]   --output-dir
[30.977s]   /home/matwac/drone_pi/build/MPU6050_package/rosidl_adapter/MPU6050_package
[30.977s]   --output-file
[30.977s]   /home/matwac/drone_pi/build/MPU6050_package/rosidl_adapter/MPU6050_package.idls)
[30.977s]   returned error code 1:
[30.977s] 
[30.977s]   Error processing 'float64 angleX' of 'MPU6050_package/Angles': ''angleX' is
[30.977s]   an invalid field name.  It should have the pattern
[30.977s]   '^(?!.*__)(?!.*_$)[a-z][a-z0-9_]*$''
[30.978s] 
[30.978s]   Traceback (most recent call last):
[30.978s] 
[30.978s]     File "/usr/lib/python3.10/runpy.py", line 196, in _run_module_as_main
[30.978s]       return _run_code(code, main_globals, None,
[30.978s]     File "/usr/lib/python3.10/runpy.py", line 86, in _run_code
[30.978s]       exec(code, run_globals)
[30.979s]     File "/opt/ros/iron/lib/python3.10/site-packages/rosidl_adapter/__main__.py", line 19, in <module>
[30.979s]       sys.exit(main())
[30.979s]     File "/opt/ros/iron/lib/python3.10/site-packages/rosidl_adapter/main.py", line 53, in main
[30.979s]       abs_idl_file = convert_to_idl(
[30.979s]     File "/opt/ros/iron/lib/python3.10/site-packages/rosidl_adapter/__init__.py", line 19, in convert_to_idl
[30.979s]       return convert_msg_to_idl(
[30.979s]     File "/opt/ros/iron/lib/python3.10/site-packages/rosidl_adapter/msg/__init__.py", line 28, in convert_msg_to_idl
[30.980s]       msg = parse_message_string(package_name, input_file.stem, content)
[30.980s]     File "/opt/ros/iron/lib/python3.10/site-packages/rosidl_adapter/parser.py", line 520, in parse_message_string
[30.980s]       fields.append(Field(
[30.980s]     File "/opt/ros/iron/lib/python3.10/site-packages/rosidl_adapter/parser.py", line 355, in __init__
[30.980s]       raise NameError(
[30.980s] 
[30.981s]   NameError: 'angleX' is an invalid field name.  It should have the pattern
[30.981s]   '^(?!.*__)(?!.*_$)[a-z][a-z0-9_]*$'
[30.981s] 
[30.981s] Call Stack (most recent call first):
[30.981s]   /opt/ros/iron/share/rosidl_cmake/cmake/rosidl_generate_interfaces.cmake:132 (rosidl_adapt_interfaces)
[30.981s]   CMakeLists.txt:19 (rosidl_generate_interfaces)
[30.982s] 
[30.982s] [0m
[30.982s] -- Configuring incomplete, errors occurred!
[30.982s] See also "/home/matwac/drone_pi/build/MPU6050_package/CMakeFiles/CMakeOutput.log".
[31.000s] Invoked command in '/home/matwac/drone_pi/build/MPU6050_package' returned '1': CMAKE_PREFIX_PATH=/opt/ros/iron /usr/bin/cmake /home/matwac/drone_pi/src/MPU6050_package -DCMAKE_INSTALL_PREFIX=/home/matwac/drone_pi/install/MPU6050_package
