[0.029s] Invoking command in '/home/matwac/drone_pi/build/mpu6050_publisher': CMAKE_PREFIX_PATH=/opt/ros/iron /usr/bin/cmake /home/matwac/drone_pi/src/mpu6050_publisher -DCMAKE_INSTALL_PREFIX=/home/matwac/drone_pi/install/mpu6050_publisher
[0.512s] -- The C compiler identification is GNU 11.3.0
[2.506s] -- The CXX compiler identification is GNU 11.3.0
[3.973s] -- Detecting C compiler ABI info
[4.417s] -- Detecting C compiler ABI info - done
[4.427s] -- Check for working C compiler: /usr/bin/cc - skipped
[4.427s] -- Detecting C compile features
[4.428s] -- Detecting C compile features - done
[4.434s] -- Detecting CXX compiler ABI info
[4.899s] -- Detecting CXX compiler ABI info - done
[4.916s] -- Check for working CXX compiler: /usr/bin/c++ - skipped
[4.916s] -- Detecting CXX compile features
[4.917s] -- Detecting CXX compile features - done
[4.921s] -- Found ament_cmake: 2.0.3 (/opt/ros/iron/share/ament_cmake/cmake)
[5.260s] -- Found Python3: /usr/bin/python3.10 (found version "3.10.6") found components: Interpreter 
[5.411s] -- Found rclcpp: 21.0.1 (/opt/ros/iron/share/rclcpp/cmake)
[5.948s] -- Found rosidl_generator_c: 4.0.0 (/opt/ros/iron/share/rosidl_generator_c/cmake)
[5.972s] -- Found rosidl_generator_cpp: 4.0.0 (/opt/ros/iron/share/rosidl_generator_cpp/cmake)
[6.015s] -- Using all available rosidl_typesupport_c: rosidl_typesupport_fastrtps_c;rosidl_typesupport_introspection_c
[6.059s] -- Using all available rosidl_typesupport_cpp: rosidl_typesupport_fastrtps_cpp;rosidl_typesupport_introspection_cpp
[6.458s] -- Found rmw_implementation_cmake: 7.1.0 (/opt/ros/iron/share/rmw_implementation_cmake/cmake)
[6.463s] -- Found rmw_fastrtps_cpp: 7.1.1 (/opt/ros/iron/share/rmw_fastrtps_cpp/cmake)
[12.078s] -- Found OpenSSL: /usr/lib/x86_64-linux-gnu/libcrypto.so (found version "3.0.2")  
[17.584s] -- Found FastRTPS: /opt/ros/iron/include  
[28.705s] -- Using RMW implementation 'rmw_fastrtps_cpp' as default
[29.048s] -- Found std_msgs: 5.0.0 (/opt/ros/iron/share/std_msgs/cmake)
[29.115s] -- Looking for pthread.h
[29.626s] -- Looking for pthread.h - found
[29.626s] -- Performing Test CMAKE_HAVE_LIBC_PTHREAD
[30.114s] -- Performing Test CMAKE_HAVE_LIBC_PTHREAD - Success
[30.115s] -- Found Threads: TRUE  
[30.117s] -- Found rosidl_default_generators: 1.5.0 (/opt/ros/iron/share/rosidl_default_generators/cmake)
[30.146s] -- Found rosidl_adapter: 4.0.0 (/opt/ros/iron/share/rosidl_adapter/cmake)
[30.527s] [31mCMake Error at /opt/ros/iron/share/rosidl_adapter/cmake/rosidl_adapt_interfaces.cmake:57 (message):
[30.527s]   execute_process(/usr/bin/python3.10 -m rosidl_adapter --package-name
[30.528s]   mpu6050_publisher --arguments-file
[30.528s]   /home/matwac/drone_pi/build/mpu6050_publisher/rosidl_adapter__arguments__mpu6050_publisher.json
[30.528s]   --output-dir
[30.528s]   /home/matwac/drone_pi/build/mpu6050_publisher/rosidl_adapter/mpu6050_publisher
[30.528s]   --output-file
[30.528s]   /home/matwac/drone_pi/build/mpu6050_publisher/rosidl_adapter/mpu6050_publisher.idls)
[30.528s]   returned error code 1:
[30.528s] 
[30.529s]   Error processing 'float64 angleX' of 'mpu6050_publisher/Angles': ''angleX'
[30.529s]   is an invalid field name.  It should have the pattern
[30.529s]   '^(?!.*__)(?!.*_$)[a-z][a-z0-9_]*$''
[30.529s] 
[30.529s]   Traceback (most recent call last):
[30.529s] 
[30.529s]     File "/usr/lib/python3.10/runpy.py", line 196, in _run_module_as_main
[30.529s]       return _run_code(code, main_globals, None,
[30.529s]     File "/usr/lib/python3.10/runpy.py", line 86, in _run_code
[30.529s]       exec(code, run_globals)
[30.529s]     File "/opt/ros/iron/lib/python3.10/site-packages/rosidl_adapter/__main__.py", line 19, in <module>
[30.529s]       sys.exit(main())
[30.529s]     File "/opt/ros/iron/lib/python3.10/site-packages/rosidl_adapter/main.py", line 53, in main
[30.530s]       abs_idl_file = convert_to_idl(
[30.530s]     File "/opt/ros/iron/lib/python3.10/site-packages/rosidl_adapter/__init__.py", line 19, in convert_to_idl
[30.530s]       return convert_msg_to_idl(
[30.530s]     File "/opt/ros/iron/lib/python3.10/site-packages/rosidl_adapter/msg/__init__.py", line 28, in convert_msg_to_idl
[30.530s]       msg = parse_message_string(package_name, input_file.stem, content)
[30.530s]     File "/opt/ros/iron/lib/python3.10/site-packages/rosidl_adapter/parser.py", line 520, in parse_message_string
[30.530s]       fields.append(Field(
[30.530s]     File "/opt/ros/iron/lib/python3.10/site-packages/rosidl_adapter/parser.py", line 355, in __init__
[30.530s]       raise NameError(
[30.530s] 
[30.530s]   NameError: 'angleX' is an invalid field name.  It should have the pattern
[30.531s]   '^(?!.*__)(?!.*_$)[a-z][a-z0-9_]*$'
[30.531s] 
[30.531s] Call Stack (most recent call first):
[30.531s]   /opt/ros/iron/share/rosidl_cmake/cmake/rosidl_generate_interfaces.cmake:132 (rosidl_adapt_interfaces)
[30.531s]   CMakeLists.txt:19 (rosidl_generate_interfaces)
[30.531s] 
[30.531s] [0m
[30.531s] -- Configuring incomplete, errors occurred!
[30.532s] See also "/home/matwac/drone_pi/build/mpu6050_publisher/CMakeFiles/CMakeOutput.log".
[30.564s] Invoked command in '/home/matwac/drone_pi/build/mpu6050_publisher' returned '1': CMAKE_PREFIX_PATH=/opt/ros/iron /usr/bin/cmake /home/matwac/drone_pi/src/mpu6050_publisher -DCMAKE_INSTALL_PREFIX=/home/matwac/drone_pi/install/mpu6050_publisher
