[0.047s] Invoking command in '/home/matwac/drone_pi/build/mpu6050_publisher': CMAKE_PREFIX_PATH=/opt/ros/iron /usr/bin/cmake --build /home/matwac/drone_pi/build/mpu6050_publisher -- -j8 -l8
[0.389s] [  2%] Built target mpu6050_publisher__rosidl_generator_type_description
[0.404s] [  2%] Built target ament_cmake_python_copy_mpu6050_publisher
[0.409s] [  5%] [32mBuilding CXX object CMakeFiles/mpu.dir/src/MPU6050.cpp.o[0m
[0.418s] [35m[1mConsolidate compiler generated dependencies of target mpu6050_publisher__rosidl_generator_c[0m
[0.433s] [  7%] Built target mpu6050_publisher__cpp
[0.462s] [ 21%] Built target mpu6050_publisher__rosidl_generator_c
[0.512s] [35m[1mConsolidate compiler generated dependencies of target mpu6050_publisher__rosidl_typesupport_fastrtps_c[0m
[0.513s] [35m[1mConsolidate compiler generated dependencies of target mpu6050_publisher__rosidl_typesupport_cpp[0m
[0.516s] [35m[1mConsolidate compiler generated dependencies of target mpu6050_publisher__rosidl_typesupport_fastrtps_cpp[0m
[0.518s] [35m[1mConsolidate compiler generated dependencies of target mpu6050_publisher__rosidl_typesupport_c[0m
[0.527s] [35m[1mConsolidate compiler generated dependencies of target mpu6050_publisher__rosidl_typesupport_introspection_c[0m
[0.537s] [ 23%] [34m[1mGenerating C++ introspection for ROS interfaces[0m
[0.552s] [ 26%] [32mBuilding CXX object CMakeFiles/mpu6050_publisher__rosidl_typesupport_c.dir/rosidl_typesupport_c/mpu6050_publisher/msg/angles__type_support.cpp.o[0m
[0.555s] [ 28%] [32mBuilding C object CMakeFiles/mpu6050_publisher__rosidl_typesupport_introspection_c.dir/rosidl_typesupport_introspection_c/mpu6050_publisher/msg/detail/angles__type_support.c.o[0m
[0.567s] [ 31%] [32mBuilding CXX object CMakeFiles/mpu6050_publisher__rosidl_typesupport_fastrtps_c.dir/rosidl_typesupport_fastrtps_c/mpu6050_publisher/msg/detail/angles__type_support_c.cpp.o[0m
[0.568s] [ 34%] [32mBuilding CXX object CMakeFiles/mpu6050_publisher__rosidl_typesupport_fastrtps_cpp.dir/rosidl_typesupport_fastrtps_cpp/mpu6050_publisher/msg/detail/dds_fastrtps/angles__type_support.cpp.o[0m
[0.574s] [ 36%] [32mBuilding CXX object CMakeFiles/mpu6050_publisher__rosidl_typesupport_cpp.dir/rosidl_typesupport_cpp/mpu6050_publisher/msg/angles__type_support.cpp.o[0m
[0.939s] [ 39%] [32m[1mLinking C shared library lib/libmpu6050_publisher__rosidl_typesupport_introspection_c.so[0m
[0.946s] [ 42%] [32m[1mLinking CXX shared library lib/libmpu6050_publisher__rosidl_typesupport_c.so[0m
[0.959s] In file included from [01m[K/home/matwac/drone_pi/src/mpu6050_publisher/src/MPU6050.cpp:6[m[K:
[0.959s] [01m[K/home/matwac/drone_pi/src/mpu6050_publisher/include/libmpu/MPU6050.h:46:18:[m[K [01;31m[Kfatal error: [m[Ki2c/smbus.h: No such file or directory
[0.959s]    46 |         #include [01;31m[K<i2c/smbus.h>[m[K
[0.960s]       |                  [01;31m[K^~~~~~~~~~~~~[m[K
[0.960s] compilation terminated.
[0.977s] gmake[2]: *** [CMakeFiles/mpu.dir/build.make:76: CMakeFiles/mpu.dir/src/MPU6050.cpp.o] Error 1
[0.978s] gmake[1]: *** [CMakeFiles/Makefile2:625: CMakeFiles/mpu.dir/all] Error 2
[0.978s] gmake[1]: *** Waiting for unfinished jobs....
[1.723s] running egg_info
[1.728s] writing mpu6050_publisher.egg-info/PKG-INFO
[1.743s] writing dependency_links to mpu6050_publisher.egg-info/dependency_links.txt
[1.744s] writing top-level names to mpu6050_publisher.egg-info/top_level.txt
[1.758s] reading manifest file 'mpu6050_publisher.egg-info/SOURCES.txt'
[1.767s] writing manifest file 'mpu6050_publisher.egg-info/SOURCES.txt'
[1.807s] [ 44%] Built target mpu6050_publisher__rosidl_typesupport_introspection_c
[1.878s] [ 47%] Built target mpu6050_publisher__rosidl_typesupport_c
[1.932s] [ 47%] Built target ament_cmake_python_build_mpu6050_publisher_egg
[1.988s] [ 50%] [32mBuilding CXX object CMakeFiles/mpu6050_publisher__rosidl_typesupport_introspection_cpp.dir/rosidl_typesupport_introspection_cpp/mpu6050_publisher/msg/detail/angles__type_support.cpp.o[0m
[2.409s] [ 52%] [32m[1mLinking CXX shared library lib/libmpu6050_publisher__rosidl_typesupport_fastrtps_c.so[0m
[2.612s] [ 55%] [32m[1mLinking CXX shared library lib/libmpu6050_publisher__rosidl_typesupport_cpp.so[0m
[3.299s] [ 57%] [32m[1mLinking CXX shared library lib/libmpu6050_publisher__rosidl_typesupport_fastrtps_cpp.so[0m
[3.540s] [ 60%] Built target mpu6050_publisher__rosidl_typesupport_fastrtps_c
[3.583s] [ 63%] Built target mpu6050_publisher__rosidl_typesupport_cpp
[3.764s] [ 65%] [32m[1mLinking CXX shared library lib/libmpu6050_publisher__rosidl_typesupport_introspection_cpp.so[0m
[4.398s] [ 68%] Built target mpu6050_publisher__rosidl_typesupport_fastrtps_cpp
[4.659s] [ 68%] Built target mpu6050_publisher__rosidl_typesupport_introspection_cpp
[4.661s] gmake: *** [Makefile:146: all] Error 2
[4.665s] Invoked command in '/home/matwac/drone_pi/build/mpu6050_publisher' returned '2': CMAKE_PREFIX_PATH=/opt/ros/iron /usr/bin/cmake --build /home/matwac/drone_pi/build/mpu6050_publisher -- -j8 -l8
