[0.026s] Invoking command in '/home/matwac/drone_pi/build/mpu6050_publisher': CMAKE_PREFIX_PATH=/opt/ros/iron /usr/bin/cmake /home/matwac/drone_pi/src/mpu6050_publisher -DCMAKE_INSTALL_PREFIX=/home/matwac/drone_pi/install/mpu6050_publisher
[0.042s] -- Found ament_cmake: 2.0.3 (/opt/ros/iron/share/ament_cmake/cmake)
[0.281s] -- Found rclcpp: 21.0.1 (/opt/ros/iron/share/rclcpp/cmake)
[0.748s] -- Found rosidl_generator_c: 4.0.0 (/opt/ros/iron/share/rosidl_generator_c/cmake)
[0.762s] -- Found rosidl_generator_cpp: 4.0.0 (/opt/ros/iron/share/rosidl_generator_cpp/cmake)
[0.784s] -- Using all available rosidl_typesupport_c: rosidl_typesupport_fastrtps_c;rosidl_typesupport_introspection_c
[0.811s] -- Using all available rosidl_typesupport_cpp: rosidl_typesupport_fastrtps_cpp;rosidl_typesupport_introspection_cpp
[1.080s] -- Found rmw_implementation_cmake: 7.1.0 (/opt/ros/iron/share/rmw_implementation_cmake/cmake)
[1.082s] -- Found rmw_fastrtps_cpp: 7.1.1 (/opt/ros/iron/share/rmw_fastrtps_cpp/cmake)
[20.193s] -- Using RMW implementation 'rmw_fastrtps_cpp' as default
[20.461s] -- Found std_msgs: 5.0.0 (/opt/ros/iron/share/std_msgs/cmake)
[20.522s] -- Found rosidl_default_generators: 1.5.0 (/opt/ros/iron/share/rosidl_default_generators/cmake)
[20.536s] -- Found rosidl_adapter: 4.0.0 (/opt/ros/iron/share/rosidl_adapter/cmake)
[21.029s] -- Found ament_cmake_ros: 0.11.2 (/opt/ros/iron/share/ament_cmake_ros/cmake)
[21.467s] -- Using all available rosidl_typesupport_c: rosidl_typesupport_fastrtps_c;rosidl_typesupport_introspection_c
[21.634s] -- Using all available rosidl_typesupport_cpp: rosidl_typesupport_fastrtps_cpp;rosidl_typesupport_introspection_cpp
[21.674s] -- Found python_cmake_module: 0.10.2 (/opt/ros/iron/share/python_cmake_module/cmake)
[21.712s] -- Using PYTHON_EXECUTABLE: /usr/bin/python3
[21.712s] -- Using PYTHON_INCLUDE_DIRS: /usr/include/python3.10
[21.712s] -- Using PYTHON_LIBRARIES: /usr/lib/x86_64-linux-gnu/libpython3.10.so
[21.737s] -- Configuring done
[21.743s] [31mCMake Error at CMakeLists.txt:30 (add_executable):
[21.743s]   Cannot find source file:
[21.744s] 
[21.744s]     src/mpu6050_publisher.cpp
[21.744s] 
[21.745s]   Tried extensions .c .C .c++ .cc .cpp .cxx .cu .mpp .m .M .mm .ixx .cppm .h
[21.745s]   .hh .h++ .hm .hpp .hxx .in .txx .f .F .for .f77 .f90 .f95 .f03 .hip .ispc
[21.745s] 
[21.745s] [0m
[21.749s] [31mCMake Error at CMakeLists.txt:30 (add_executable):
[21.749s]   No SOURCES given to target: mpupub
[21.749s] 
[21.749s] [0m
[21.750s] [0mCMake Generate step failed.  Build files cannot be regenerated correctly.[0m
[21.768s] Invoked command in '/home/matwac/drone_pi/build/mpu6050_publisher' returned '1': CMAKE_PREFIX_PATH=/opt/ros/iron /usr/bin/cmake /home/matwac/drone_pi/src/mpu6050_publisher -DCMAKE_INSTALL_PREFIX=/home/matwac/drone_pi/install/mpu6050_publisher
