[0.913s] DEBUG:colcon:Command line arguments: ['/usr/bin/colcon', 'build', '--packages-select', 'mpu6050_publisher']
[0.913s] DEBUG:colcon:Parsed command line arguments: Namespace(log_base=None, log_level=None, verb_name='build', build_base='build', install_base='install', merge_install=False, symlink_install=False, test_result_base=None, continue_on_error=False, executor='parallel', parallel_workers=8, event_handlers=None, ignore_user_meta=False, metas=['./colcon.meta'], base_paths=['.'], packages_ignore=None, packages_ignore_regex=None, paths=None, packages_up_to=None, packages_up_to_regex=None, packages_above=None, packages_above_and_dependencies=None, packages_above_depth=None, packages_select_by_dep=None, packages_skip_by_dep=None, packages_skip_up_to=None, packages_select_build_failed=False, packages_skip_build_finished=False, packages_select_test_failures=False, packages_skip_test_passed=False, packages_select=['mpu6050_publisher'], packages_skip=None, packages_select_regex=None, packages_skip_regex=None, packages_start=None, packages_end=None, allow_overriding=[], cmake_args=None, cmake_target=None, cmake_target_skip_unavailable=False, cmake_clean_cache=False, cmake_clean_first=False, cmake_force_configure=False, ament_cmake_args=None, catkin_cmake_args=None, catkin_skip_building_tests=False, verb_parser=<colcon_defaults.argument_parser.defaults.DefaultArgumentsDecorator object at 0x7f14fad6f5b0>, verb_extension=<colcon_core.verb.build.BuildVerb object at 0x7f14fb539b70>, main=<bound method BuildVerb.main of <colcon_core.verb.build.BuildVerb object at 0x7f14fb539b70>>)
[0.991s] Level 1:colcon.colcon_core.package_discovery:discover_packages(colcon_meta) check parameters
[0.991s] Level 1:colcon.colcon_core.package_discovery:discover_packages(recursive) check parameters
[0.991s] Level 1:colcon.colcon_core.package_discovery:discover_packages(ignore) check parameters
[0.991s] Level 1:colcon.colcon_core.package_discovery:discover_packages(path) check parameters
[0.991s] Level 1:colcon.colcon_core.package_discovery:discover_packages(colcon_meta) discover
[0.992s] Level 1:colcon.colcon_core.package_discovery:discover_packages(recursive) discover
[0.992s] INFO:colcon.colcon_core.package_discovery:Crawling recursively for packages in '/home/matwac/drone_pi'
[0.992s] Level 1:colcon.colcon_core.package_identification:_identify(.) by extensions ['ignore', 'ignore_ament_install']
[0.992s] Level 1:colcon.colcon_core.package_identification:_identify(.) by extension 'ignore'
[0.992s] Level 1:colcon.colcon_core.package_identification:_identify(.) by extension 'ignore_ament_install'
[0.993s] Level 1:colcon.colcon_core.package_identification:_identify(.) by extensions ['colcon_pkg']
[0.993s] Level 1:colcon.colcon_core.package_identification:_identify(.) by extension 'colcon_pkg'
[0.993s] Level 1:colcon.colcon_core.package_identification:_identify(.) by extensions ['colcon_meta']
[0.993s] Level 1:colcon.colcon_core.package_identification:_identify(.) by extension 'colcon_meta'
[0.993s] Level 1:colcon.colcon_core.package_identification:_identify(.) by extensions ['ros']
[0.993s] Level 1:colcon.colcon_core.package_identification:_identify(.) by extension 'ros'
[1.019s] Level 1:colcon.colcon_core.package_identification:_identify(.) by extensions ['cmake', 'python']
[1.019s] Level 1:colcon.colcon_core.package_identification:_identify(.) by extension 'cmake'
[1.020s] Level 1:colcon.colcon_core.package_identification:_identify(.) by extension 'python'
[1.020s] Level 1:colcon.colcon_core.package_identification:_identify(.) by extensions ['python_setup_py']
[1.020s] Level 1:colcon.colcon_core.package_identification:_identify(.) by extension 'python_setup_py'
[1.020s] Level 1:colcon.colcon_core.package_identification:_identify(build) by extensions ['ignore', 'ignore_ament_install']
[1.020s] Level 1:colcon.colcon_core.package_identification:_identify(build) by extension 'ignore'
[1.020s] Level 1:colcon.colcon_core.package_identification:_identify(build) ignored
[1.020s] Level 1:colcon.colcon_core.package_identification:_identify(install) by extensions ['ignore', 'ignore_ament_install']
[1.020s] Level 1:colcon.colcon_core.package_identification:_identify(install) by extension 'ignore'
[1.020s] Level 1:colcon.colcon_core.package_identification:_identify(install) ignored
[1.021s] Level 1:colcon.colcon_core.package_identification:_identify(log) by extensions ['ignore', 'ignore_ament_install']
[1.021s] Level 1:colcon.colcon_core.package_identification:_identify(log) by extension 'ignore'
[1.021s] Level 1:colcon.colcon_core.package_identification:_identify(log) ignored
[1.021s] Level 1:colcon.colcon_core.package_identification:_identify(src) by extensions ['ignore', 'ignore_ament_install']
[1.021s] Level 1:colcon.colcon_core.package_identification:_identify(src) by extension 'ignore'
[1.021s] Level 1:colcon.colcon_core.package_identification:_identify(src) by extension 'ignore_ament_install'
[1.021s] Level 1:colcon.colcon_core.package_identification:_identify(src) by extensions ['colcon_pkg']
[1.021s] Level 1:colcon.colcon_core.package_identification:_identify(src) by extension 'colcon_pkg'
[1.021s] Level 1:colcon.colcon_core.package_identification:_identify(src) by extensions ['colcon_meta']
[1.021s] Level 1:colcon.colcon_core.package_identification:_identify(src) by extension 'colcon_meta'
[1.021s] Level 1:colcon.colcon_core.package_identification:_identify(src) by extensions ['ros']
[1.021s] Level 1:colcon.colcon_core.package_identification:_identify(src) by extension 'ros'
[1.021s] Level 1:colcon.colcon_core.package_identification:_identify(src) by extensions ['cmake', 'python']
[1.022s] Level 1:colcon.colcon_core.package_identification:_identify(src) by extension 'cmake'
[1.022s] Level 1:colcon.colcon_core.package_identification:_identify(src) by extension 'python'
[1.022s] Level 1:colcon.colcon_core.package_identification:_identify(src) by extensions ['python_setup_py']
[1.022s] Level 1:colcon.colcon_core.package_identification:_identify(src) by extension 'python_setup_py'
[1.022s] Level 1:colcon.colcon_core.package_identification:_identify(src/PID_package) by extensions ['ignore', 'ignore_ament_install']
[1.022s] Level 1:colcon.colcon_core.package_identification:_identify(src/PID_package) by extension 'ignore'
[1.022s] Level 1:colcon.colcon_core.package_identification:_identify(src/PID_package) by extension 'ignore_ament_install'
[1.022s] Level 1:colcon.colcon_core.package_identification:_identify(src/PID_package) by extensions ['colcon_pkg']
[1.022s] Level 1:colcon.colcon_core.package_identification:_identify(src/PID_package) by extension 'colcon_pkg'
[1.022s] Level 1:colcon.colcon_core.package_identification:_identify(src/PID_package) by extensions ['colcon_meta']
[1.022s] Level 1:colcon.colcon_core.package_identification:_identify(src/PID_package) by extension 'colcon_meta'
[1.022s] Level 1:colcon.colcon_core.package_identification:_identify(src/PID_package) by extensions ['ros']
[1.022s] Level 1:colcon.colcon_core.package_identification:_identify(src/PID_package) by extension 'ros'
[1.028s] DEBUG:colcon.colcon_core.package_identification:Package 'src/PID_package' with type 'ros.ament_cmake' and name 'PID_package'
[1.028s] Level 1:colcon.colcon_core.package_identification:_identify(src/motor_package) by extensions ['ignore', 'ignore_ament_install']
[1.028s] Level 1:colcon.colcon_core.package_identification:_identify(src/motor_package) by extension 'ignore'
[1.029s] Level 1:colcon.colcon_core.package_identification:_identify(src/motor_package) by extension 'ignore_ament_install'
[1.029s] Level 1:colcon.colcon_core.package_identification:_identify(src/motor_package) by extensions ['colcon_pkg']
[1.029s] Level 1:colcon.colcon_core.package_identification:_identify(src/motor_package) by extension 'colcon_pkg'
[1.029s] Level 1:colcon.colcon_core.package_identification:_identify(src/motor_package) by extensions ['colcon_meta']
[1.029s] Level 1:colcon.colcon_core.package_identification:_identify(src/motor_package) by extension 'colcon_meta'
[1.029s] Level 1:colcon.colcon_core.package_identification:_identify(src/motor_package) by extensions ['ros']
[1.029s] Level 1:colcon.colcon_core.package_identification:_identify(src/motor_package) by extension 'ros'
[1.031s] DEBUG:colcon.colcon_core.package_identification:Package 'src/motor_package' with type 'ros.ament_cmake' and name 'motor_package'
[1.032s] Level 1:colcon.colcon_core.package_identification:_identify(src/mpu6050_publisher) by extensions ['ignore', 'ignore_ament_install']
[1.032s] Level 1:colcon.colcon_core.package_identification:_identify(src/mpu6050_publisher) by extension 'ignore'
[1.032s] Level 1:colcon.colcon_core.package_identification:_identify(src/mpu6050_publisher) by extension 'ignore_ament_install'
[1.032s] Level 1:colcon.colcon_core.package_identification:_identify(src/mpu6050_publisher) by extensions ['colcon_pkg']
[1.033s] Level 1:colcon.colcon_core.package_identification:_identify(src/mpu6050_publisher) by extension 'colcon_pkg'
[1.033s] Level 1:colcon.colcon_core.package_identification:_identify(src/mpu6050_publisher) by extensions ['colcon_meta']
[1.033s] Level 1:colcon.colcon_core.package_identification:_identify(src/mpu6050_publisher) by extension 'colcon_meta'
[1.033s] Level 1:colcon.colcon_core.package_identification:_identify(src/mpu6050_publisher) by extensions ['ros']
[1.033s] Level 1:colcon.colcon_core.package_identification:_identify(src/mpu6050_publisher) by extension 'ros'
[1.035s] DEBUG:colcon.colcon_core.package_identification:Package 'src/mpu6050_publisher' with type 'ros.ament_cmake' and name 'mpu6050_publisher'
[1.035s] Level 1:colcon.colcon_core.package_discovery:discover_packages(recursive) using defaults
[1.035s] Level 1:colcon.colcon_core.package_discovery:discover_packages(ignore) discover
[1.035s] Level 1:colcon.colcon_core.package_discovery:discover_packages(ignore) using defaults
[1.035s] Level 1:colcon.colcon_core.package_discovery:discover_packages(path) discover
[1.035s] Level 1:colcon.colcon_core.package_discovery:discover_packages(path) using defaults
[1.089s] INFO:colcon.colcon_core.package_selection:Skipping not selected package 'PID_package' in 'src/PID_package'
[1.089s] INFO:colcon.colcon_core.package_selection:Skipping not selected package 'motor_package' in 'src/motor_package'
[1.090s] Level 1:colcon.colcon_core.package_discovery:discover_packages(prefix_path) check parameters
[1.091s] Level 1:colcon.colcon_core.package_discovery:discover_packages(prefix_path) discover
[1.097s] DEBUG:colcon.colcon_installed_package_information.package_discovery:Found 236 installed packages in /opt/ros/iron
[1.099s] Level 1:colcon.colcon_core.package_discovery:discover_packages(prefix_path) using defaults
[1.181s] Level 5:colcon.colcon_core.verb:set package 'mpu6050_publisher' build argument 'cmake_args' from command line to 'None'
[1.182s] Level 5:colcon.colcon_core.verb:set package 'mpu6050_publisher' build argument 'cmake_target' from command line to 'None'
[1.182s] Level 5:colcon.colcon_core.verb:set package 'mpu6050_publisher' build argument 'cmake_target_skip_unavailable' from command line to 'False'
[1.182s] Level 5:colcon.colcon_core.verb:set package 'mpu6050_publisher' build argument 'cmake_clean_cache' from command line to 'False'
[1.182s] Level 5:colcon.colcon_core.verb:set package 'mpu6050_publisher' build argument 'cmake_clean_first' from command line to 'False'
[1.182s] Level 5:colcon.colcon_core.verb:set package 'mpu6050_publisher' build argument 'cmake_force_configure' from command line to 'False'
[1.182s] Level 5:colcon.colcon_core.verb:set package 'mpu6050_publisher' build argument 'ament_cmake_args' from command line to 'None'
[1.182s] Level 5:colcon.colcon_core.verb:set package 'mpu6050_publisher' build argument 'catkin_cmake_args' from command line to 'None'
[1.182s] Level 5:colcon.colcon_core.verb:set package 'mpu6050_publisher' build argument 'catkin_skip_building_tests' from command line to 'False'
[1.182s] DEBUG:colcon.colcon_core.verb:Building package 'mpu6050_publisher' with the following arguments: {'ament_cmake_args': None, 'build_base': '/home/matwac/drone_pi/build/mpu6050_publisher', 'catkin_cmake_args': None, 'catkin_skip_building_tests': False, 'cmake_args': None, 'cmake_clean_cache': False, 'cmake_clean_first': False, 'cmake_force_configure': False, 'cmake_target': None, 'cmake_target_skip_unavailable': False, 'install_base': '/home/matwac/drone_pi/install/mpu6050_publisher', 'merge_install': False, 'path': '/home/matwac/drone_pi/src/mpu6050_publisher', 'symlink_install': False, 'test_result_base': None}
[1.183s] INFO:colcon.colcon_core.executor:Executing jobs using 'parallel' executor
[1.188s] DEBUG:colcon.colcon_parallel_executor.executor.parallel:run_until_complete
[1.188s] INFO:colcon.colcon_ros.task.ament_cmake.build:Building ROS package in '/home/matwac/drone_pi/src/mpu6050_publisher' with build type 'ament_cmake'
[1.189s] INFO:colcon.colcon_cmake.task.cmake.build:Building CMake package in '/home/matwac/drone_pi/src/mpu6050_publisher'
[1.200s] INFO:colcon.colcon_core.plugin_system:Skipping extension 'colcon_core.shell.bat': Not used on non-Windows systems
[1.201s] INFO:colcon.colcon_core.shell:Skip shell extension 'powershell' for command environment: Not usable outside of PowerShell
[1.201s] DEBUG:colcon.colcon_core.shell:Skip shell extension 'dsv' for command environment
[1.224s] DEBUG:colcon.colcon_core.event_handler.log_command:Invoking command in '/home/matwac/drone_pi/build/mpu6050_publisher': CMAKE_PREFIX_PATH=/opt/ros/iron /usr/bin/cmake --build /home/matwac/drone_pi/build/mpu6050_publisher -- -j8 -l8
[24.896s] DEBUG:colcon.colcon_core.event_handler.log_command:Invoked command in '/home/matwac/drone_pi/build/mpu6050_publisher' returned '2': CMAKE_PREFIX_PATH=/opt/ros/iron /usr/bin/cmake --build /home/matwac/drone_pi/build/mpu6050_publisher -- -j8 -l8
[25.029s] Level 1:colcon.colcon_core.environment:create_environment_scripts_only(mpu6050_publisher)
[25.042s] Level 1:colcon.colcon_core.environment:checking '/home/matwac/drone_pi/install/mpu6050_publisher' for CMake module files
[25.043s] Level 1:colcon.colcon_core.environment:checking '/home/matwac/drone_pi/install/mpu6050_publisher' for CMake config files
[25.046s] Level 1:colcon.colcon_core.environment:checking '/home/matwac/drone_pi/install/mpu6050_publisher/bin'
[25.046s] Level 1:colcon.colcon_core.environment:checking '/home/matwac/drone_pi/install/mpu6050_publisher/lib/pkgconfig/mpu6050_publisher.pc'
[25.047s] Level 1:colcon.colcon_core.environment:checking '/home/matwac/drone_pi/install/mpu6050_publisher/lib/python3.10/site-packages'
[25.048s] Level 1:colcon.colcon_core.environment:checking '/home/matwac/drone_pi/install/mpu6050_publisher/bin'
[25.052s] INFO:colcon.colcon_core.shell:Creating package script '/home/matwac/drone_pi/install/mpu6050_publisher/share/mpu6050_publisher/package.ps1'
[25.055s] INFO:colcon.colcon_core.shell:Creating package descriptor '/home/matwac/drone_pi/install/mpu6050_publisher/share/mpu6050_publisher/package.dsv'
[25.058s] INFO:colcon.colcon_core.shell:Creating package script '/home/matwac/drone_pi/install/mpu6050_publisher/share/mpu6050_publisher/package.sh'
[25.059s] INFO:colcon.colcon_core.shell:Creating package script '/home/matwac/drone_pi/install/mpu6050_publisher/share/mpu6050_publisher/package.bash'
[25.061s] INFO:colcon.colcon_core.shell:Creating package script '/home/matwac/drone_pi/install/mpu6050_publisher/share/mpu6050_publisher/package.zsh'
[25.062s] Level 1:colcon.colcon_core.environment:create_file_with_runtime_dependencies(/home/matwac/drone_pi/install/mpu6050_publisher/share/colcon-core/packages/mpu6050_publisher)
[25.074s] DEBUG:colcon.colcon_parallel_executor.executor.parallel:closing loop
[25.074s] DEBUG:colcon.colcon_parallel_executor.executor.parallel:loop closed
[25.075s] DEBUG:colcon.colcon_parallel_executor.executor.parallel:run_until_complete finished with '2'
[25.075s] DEBUG:colcon.colcon_core.event_reactor:joining thread
[25.297s] INFO:colcon.colcon_core.plugin_system:Skipping extension 'colcon_notification.desktop_notification.notify_send': Could not find 'notify-send'
[25.298s] INFO:colcon.colcon_core.plugin_system:Skipping extension 'colcon_notification.desktop_notification.terminal_notifier': Not used on non-Darwin systems
[25.298s] INFO:colcon.colcon_core.plugin_system:Skipping extension 'colcon_notification.desktop_notification.win32': Not used on non-Windows systems
[25.298s] INFO:colcon.colcon_notification.desktop_notification:Sending desktop notification using 'notify2'
[25.312s] DEBUG:colcon.colcon_notification.desktop_notification.notify2:Failed to initialize notify2: org.freedesktop.DBus.Error.ServiceUnknown: The name org.freedesktop.Notifications was not provided by any .service files
[25.313s] DEBUG:colcon.colcon_core.event_reactor:joined thread
[25.316s] INFO:colcon.colcon_core.shell:Creating prefix script '/home/matwac/drone_pi/install/local_setup.ps1'
[25.319s] INFO:colcon.colcon_core.shell:Creating prefix util module '/home/matwac/drone_pi/install/_local_setup_util_ps1.py'
[25.322s] INFO:colcon.colcon_core.shell:Creating prefix chain script '/home/matwac/drone_pi/install/setup.ps1'
[25.325s] INFO:colcon.colcon_core.shell:Creating prefix script '/home/matwac/drone_pi/install/local_setup.sh'
[25.326s] INFO:colcon.colcon_core.shell:Creating prefix util module '/home/matwac/drone_pi/install/_local_setup_util_sh.py'
[25.327s] INFO:colcon.colcon_core.shell:Creating prefix chain script '/home/matwac/drone_pi/install/setup.sh'
[25.330s] INFO:colcon.colcon_core.shell:Creating prefix script '/home/matwac/drone_pi/install/local_setup.bash'
[25.331s] INFO:colcon.colcon_core.shell:Creating prefix chain script '/home/matwac/drone_pi/install/setup.bash'
[25.335s] INFO:colcon.colcon_core.shell:Creating prefix script '/home/matwac/drone_pi/install/local_setup.zsh'
[25.336s] INFO:colcon.colcon_core.shell:Creating prefix chain script '/home/matwac/drone_pi/install/setup.zsh'
