[0.029s] Invoking command in '/home/matwac/drone_pi/build/mpu6050_publisher': CMAKE_PREFIX_PATH=/opt/ros/iron /usr/bin/cmake --build /home/matwac/drone_pi/build/mpu6050_publisher -- -j8 -l8
[0.096s] -- Found ament_cmake: 2.0.3 (/opt/ros/iron/share/ament_cmake/cmake)
[0.455s] -- Found rclcpp: 21.0.2 (/opt/ros/iron/share/rclcpp/cmake)
[1.549s] -- Found rosidl_generator_c: 4.0.1 (/opt/ros/iron/share/rosidl_generator_c/cmake)
[1.574s] -- Found rosidl_generator_cpp: 4.0.1 (/opt/ros/iron/share/rosidl_generator_cpp/cmake)
[1.614s] -- Using all available rosidl_typesupport_c: rosidl_typesupport_fastrtps_c;rosidl_typesupport_introspection_c
[1.660s] -- Using all available rosidl_typesupport_cpp: rosidl_typesupport_fastrtps_cpp;rosidl_typesupport_introspection_cpp
[2.006s] -- Found rmw_implementation_cmake: 7.1.0 (/opt/ros/iron/share/rmw_implementation_cmake/cmake)
[2.013s] -- Found rmw_fastrtps_cpp: 7.1.1 (/opt/ros/iron/share/rmw_fastrtps_cpp/cmake)
[25.481s] -- Using RMW implementation 'rmw_fastrtps_cpp' as default
[25.909s] -- Found std_msgs: 5.0.0 (/opt/ros/iron/share/std_msgs/cmake)
[26.006s] -- Found rosidl_default_generators: 1.5.0 (/opt/ros/iron/share/rosidl_default_generators/cmake)
[26.034s] -- Found rosidl_adapter: 4.0.1 (/opt/ros/iron/share/rosidl_adapter/cmake)
[31.668s] [31mCMake Error at CMakeLists.txt:15 (find_package):
[31.668s]   By not providing "Findi2c.cmake" in CMAKE_MODULE_PATH this project has
[31.668s]   asked CMake to find a package configuration file provided by "i2c", but
[31.668s]   CMake did not find one.
[31.669s] 
[31.669s]   Could not find a package configuration file provided by "i2c" with any of
[31.669s]   the following names:
[31.669s] 
[31.669s]     i2cConfig.cmake
[31.669s]     i2c-config.cmake
[31.669s] 
[31.670s]   Add the installation prefix of "i2c" to CMAKE_PREFIX_PATH or set "i2c_DIR"
[31.670s]   to a directory containing one of the above files.  If "i2c" provides a
[31.670s]   separate development package or SDK, be sure it has been installed.
[31.670s] 
[31.670s] [0m
[31.670s] -- Configuring incomplete, errors occurred!
[31.670s] See also "/home/matwac/drone_pi/build/mpu6050_publisher/CMakeFiles/CMakeOutput.log".
[31.679s] gmake: *** [Makefile:897: cmake_check_build_system] Error 1
[31.684s] Invoked command in '/home/matwac/drone_pi/build/mpu6050_publisher' returned '2': CMAKE_PREFIX_PATH=/opt/ros/iron /usr/bin/cmake --build /home/matwac/drone_pi/build/mpu6050_publisher -- -j8 -l8
