[0.907s] DEBUG:colcon:Command line arguments: ['/usr/bin/colcon', 'build', '--packages-select', 'mpu6050_publisher']
[0.907s] DEBUG:colcon:Parsed command line arguments: Namespace(log_base=None, log_level=None, verb_name='build', build_base='build', install_base='install', merge_install=False, symlink_install=False, test_result_base=None, continue_on_error=False, executor='parallel', parallel_workers=8, event_handlers=None, ignore_user_meta=False, metas=['./colcon.meta'], base_paths=['.'], packages_ignore=None, packages_ignore_regex=None, paths=None, packages_up_to=None, packages_up_to_regex=None, packages_above=None, packages_above_and_dependencies=None, packages_above_depth=None, packages_select_by_dep=None, packages_skip_by_dep=None, packages_skip_up_to=None, packages_select_build_failed=False, packages_skip_build_finished=False, packages_select_test_failures=False, packages_skip_test_passed=False, packages_select=['mpu6050_publisher'], packages_skip=None, packages_select_regex=None, packages_skip_regex=None, packages_start=None, packages_end=None, allow_overriding=[], cmake_args=None, cmake_target=None, cmake_target_skip_unavailable=False, cmake_clean_cache=False, cmake_clean_first=False, cmake_force_configure=False, ament_cmake_args=None, catkin_cmake_args=None, catkin_skip_building_tests=False, verb_parser=<colcon_defaults.argument_parser.defaults.DefaultArgumentsDecorator object at 0x7f36f9a2f850>, verb_extension=<colcon_core.verb.build.BuildVerb object at 0x7f36fa200220>, main=<bound method BuildVerb.main of <colcon_core.verb.build.BuildVerb object at 0x7f36fa200220>>)
[0.983s] Level 1:colcon.colcon_core.package_discovery:discover_packages(colcon_meta) check parameters
[0.983s] Level 1:colcon.colcon_core.package_discovery:discover_packages(recursive) check parameters
[0.984s] Level 1:colcon.colcon_core.package_discovery:discover_packages(ignore) check parameters
[0.984s] Level 1:colcon.colcon_core.package_discovery:discover_packages(path) check parameters
[0.984s] Level 1:colcon.colcon_core.package_discovery:discover_packages(colcon_meta) discover
[0.984s] Level 1:colcon.colcon_core.package_discovery:discover_packages(recursive) discover
[0.984s] INFO:colcon.colcon_core.package_discovery:Crawling recursively for packages in '/home/matwac/drone_pi'
[0.984s] Level 1:colcon.colcon_core.package_identification:_identify(.) by extensions ['ignore', 'ignore_ament_install']
[0.984s] Level 1:colcon.colcon_core.package_identification:_identify(.) by extension 'ignore'
[0.984s] Level 1:colcon.colcon_core.package_identification:_identify(.) by extension 'ignore_ament_install'
[0.985s] Level 1:colcon.colcon_core.package_identification:_identify(.) by extensions ['colcon_pkg']
[0.985s] Level 1:colcon.colcon_core.package_identification:_identify(.) by extension 'colcon_pkg'
[0.985s] Level 1:colcon.colcon_core.package_identification:_identify(.) by extensions ['colcon_meta']
[0.985s] Level 1:colcon.colcon_core.package_identification:_identify(.) by extension 'colcon_meta'
[0.985s] Level 1:colcon.colcon_core.package_identification:_identify(.) by extensions ['ros']
[0.985s] Level 1:colcon.colcon_core.package_identification:_identify(.) by extension 'ros'
[1.011s] Level 1:colcon.colcon_core.package_identification:_identify(.) by extensions ['cmake', 'python']
[1.011s] Level 1:colcon.colcon_core.package_identification:_identify(.) by extension 'cmake'
[1.011s] Level 1:colcon.colcon_core.package_identification:_identify(.) by extension 'python'
[1.011s] Level 1:colcon.colcon_core.package_identification:_identify(.) by extensions ['python_setup_py']
[1.011s] Level 1:colcon.colcon_core.package_identification:_identify(.) by extension 'python_setup_py'
[1.011s] Level 1:colcon.colcon_core.package_identification:_identify(build) by extensions ['ignore', 'ignore_ament_install']
[1.012s] Level 1:colcon.colcon_core.package_identification:_identify(build) by extension 'ignore'
[1.012s] Level 1:colcon.colcon_core.package_identification:_identify(build) ignored
[1.012s] Level 1:colcon.colcon_core.package_identification:_identify(install) by extensions ['ignore', 'ignore_ament_install']
[1.013s] Level 1:colcon.colcon_core.package_identification:_identify(install) by extension 'ignore'
[1.013s] Level 1:colcon.colcon_core.package_identification:_identify(install) ignored
[1.013s] Level 1:colcon.colcon_core.package_identification:_identify(log) by extensions ['ignore', 'ignore_ament_install']
[1.013s] Level 1:colcon.colcon_core.package_identification:_identify(log) by extension 'ignore'
[1.013s] Level 1:colcon.colcon_core.package_identification:_identify(log) ignored
[1.014s] Level 1:colcon.colcon_core.package_identification:_identify(src) by extensions ['ignore', 'ignore_ament_install']
[1.014s] Level 1:colcon.colcon_core.package_identification:_identify(src) by extension 'ignore'
[1.014s] Level 1:colcon.colcon_core.package_identification:_identify(src) by extension 'ignore_ament_install'
[1.014s] Level 1:colcon.colcon_core.package_identification:_identify(src) by extensions ['colcon_pkg']
[1.014s] Level 1:colcon.colcon_core.package_identification:_identify(src) by extension 'colcon_pkg'
[1.014s] Level 1:colcon.colcon_core.package_identification:_identify(src) by extensions ['colcon_meta']
[1.014s] Level 1:colcon.colcon_core.package_identification:_identify(src) by extension 'colcon_meta'
[1.014s] Level 1:colcon.colcon_core.package_identification:_identify(src) by extensions ['ros']
[1.014s] Level 1:colcon.colcon_core.package_identification:_identify(src) by extension 'ros'
[1.015s] Level 1:colcon.colcon_core.package_identification:_identify(src) by extensions ['cmake', 'python']
[1.015s] Level 1:colcon.colcon_core.package_identification:_identify(src) by extension 'cmake'
[1.015s] Level 1:colcon.colcon_core.package_identification:_identify(src) by extension 'python'
[1.015s] Level 1:colcon.colcon_core.package_identification:_identify(src) by extensions ['python_setup_py']
[1.015s] Level 1:colcon.colcon_core.package_identification:_identify(src) by extension 'python_setup_py'
[1.015s] Level 1:colcon.colcon_core.package_identification:_identify(src/PID_package) by extensions ['ignore', 'ignore_ament_install']
[1.015s] Level 1:colcon.colcon_core.package_identification:_identify(src/PID_package) by extension 'ignore'
[1.016s] Level 1:colcon.colcon_core.package_identification:_identify(src/PID_package) by extension 'ignore_ament_install'
[1.016s] Level 1:colcon.colcon_core.package_identification:_identify(src/PID_package) by extensions ['colcon_pkg']
[1.016s] Level 1:colcon.colcon_core.package_identification:_identify(src/PID_package) by extension 'colcon_pkg'
[1.016s] Level 1:colcon.colcon_core.package_identification:_identify(src/PID_package) by extensions ['colcon_meta']
[1.016s] Level 1:colcon.colcon_core.package_identification:_identify(src/PID_package) by extension 'colcon_meta'
[1.016s] Level 1:colcon.colcon_core.package_identification:_identify(src/PID_package) by extensions ['ros']
[1.016s] Level 1:colcon.colcon_core.package_identification:_identify(src/PID_package) by extension 'ros'
[1.020s] DEBUG:colcon.colcon_core.package_identification:Package 'src/PID_package' with type 'ros.ament_cmake' and name 'PID_package'
[1.020s] Level 1:colcon.colcon_core.package_identification:_identify(src/motor_package) by extensions ['ignore', 'ignore_ament_install']
[1.020s] Level 1:colcon.colcon_core.package_identification:_identify(src/motor_package) by extension 'ignore'
[1.021s] Level 1:colcon.colcon_core.package_identification:_identify(src/motor_package) by extension 'ignore_ament_install'
[1.021s] Level 1:colcon.colcon_core.package_identification:_identify(src/motor_package) by extensions ['colcon_pkg']
[1.021s] Level 1:colcon.colcon_core.package_identification:_identify(src/motor_package) by extension 'colcon_pkg'
[1.021s] Level 1:colcon.colcon_core.package_identification:_identify(src/motor_package) by extensions ['colcon_meta']
[1.021s] Level 1:colcon.colcon_core.package_identification:_identify(src/motor_package) by extension 'colcon_meta'
[1.021s] Level 1:colcon.colcon_core.package_identification:_identify(src/motor_package) by extensions ['ros']
[1.021s] Level 1:colcon.colcon_core.package_identification:_identify(src/motor_package) by extension 'ros'
[1.025s] DEBUG:colcon.colcon_core.package_identification:Package 'src/motor_package' with type 'ros.ament_cmake' and name 'motor_package'
[1.025s] Level 1:colcon.colcon_core.package_identification:_identify(src/mpu6050_publisher) by extensions ['ignore', 'ignore_ament_install']
[1.026s] Level 1:colcon.colcon_core.package_identification:_identify(src/mpu6050_publisher) by extension 'ignore'
[1.026s] Level 1:colcon.colcon_core.package_identification:_identify(src/mpu6050_publisher) by extension 'ignore_ament_install'
[1.026s] Level 1:colcon.colcon_core.package_identification:_identify(src/mpu6050_publisher) by extensions ['colcon_pkg']
[1.026s] Level 1:colcon.colcon_core.package_identification:_identify(src/mpu6050_publisher) by extension 'colcon_pkg'
[1.026s] Level 1:colcon.colcon_core.package_identification:_identify(src/mpu6050_publisher) by extensions ['colcon_meta']
[1.026s] Level 1:colcon.colcon_core.package_identification:_identify(src/mpu6050_publisher) by extension 'colcon_meta'
[1.026s] Level 1:colcon.colcon_core.package_identification:_identify(src/mpu6050_publisher) by extensions ['ros']
[1.026s] Level 1:colcon.colcon_core.package_identification:_identify(src/mpu6050_publisher) by extension 'ros'
[1.027s] DEBUG:colcon.colcon_core.package_identification:Package 'src/mpu6050_publisher' with type 'ros.ament_cmake' and name 'mpu6050_publisher'
[1.028s] Level 1:colcon.colcon_core.package_discovery:discover_packages(recursive) using defaults
[1.028s] Level 1:colcon.colcon_core.package_discovery:discover_packages(ignore) discover
[1.028s] Level 1:colcon.colcon_core.package_discovery:discover_packages(ignore) using defaults
[1.028s] Level 1:colcon.colcon_core.package_discovery:discover_packages(path) discover
[1.028s] Level 1:colcon.colcon_core.package_discovery:discover_packages(path) using defaults
[1.068s] INFO:colcon.colcon_core.package_selection:Skipping not selected package 'PID_package' in 'src/PID_package'
[1.069s] INFO:colcon.colcon_core.package_selection:Skipping not selected package 'motor_package' in 'src/motor_package'
[1.069s] Level 1:colcon.colcon_core.package_discovery:discover_packages(prefix_path) check parameters
[1.070s] Level 1:colcon.colcon_core.package_discovery:discover_packages(prefix_path) discover
[1.075s] DEBUG:colcon.colcon_installed_package_information.package_discovery:Found 236 installed packages in /opt/ros/iron
[1.077s] Level 1:colcon.colcon_core.package_discovery:discover_packages(prefix_path) using defaults
[1.184s] Level 5:colcon.colcon_core.verb:set package 'mpu6050_publisher' build argument 'cmake_args' from command line to 'None'
[1.185s] Level 5:colcon.colcon_core.verb:set package 'mpu6050_publisher' build argument 'cmake_target' from command line to 'None'
[1.185s] Level 5:colcon.colcon_core.verb:set package 'mpu6050_publisher' build argument 'cmake_target_skip_unavailable' from command line to 'False'
[1.185s] Level 5:colcon.colcon_core.verb:set package 'mpu6050_publisher' build argument 'cmake_clean_cache' from command line to 'False'
[1.186s] Level 5:colcon.colcon_core.verb:set package 'mpu6050_publisher' build argument 'cmake_clean_first' from command line to 'False'
[1.186s] Level 5:colcon.colcon_core.verb:set package 'mpu6050_publisher' build argument 'cmake_force_configure' from command line to 'False'
[1.186s] Level 5:colcon.colcon_core.verb:set package 'mpu6050_publisher' build argument 'ament_cmake_args' from command line to 'None'
[1.187s] Level 5:colcon.colcon_core.verb:set package 'mpu6050_publisher' build argument 'catkin_cmake_args' from command line to 'None'
[1.187s] Level 5:colcon.colcon_core.verb:set package 'mpu6050_publisher' build argument 'catkin_skip_building_tests' from command line to 'False'
[1.187s] DEBUG:colcon.colcon_core.verb:Building package 'mpu6050_publisher' with the following arguments: {'ament_cmake_args': None, 'build_base': '/home/matwac/drone_pi/build/mpu6050_publisher', 'catkin_cmake_args': None, 'catkin_skip_building_tests': False, 'cmake_args': None, 'cmake_clean_cache': False, 'cmake_clean_first': False, 'cmake_force_configure': False, 'cmake_target': None, 'cmake_target_skip_unavailable': False, 'install_base': '/home/matwac/drone_pi/install/mpu6050_publisher', 'merge_install': False, 'path': '/home/matwac/drone_pi/src/mpu6050_publisher', 'symlink_install': False, 'test_result_base': None}
[1.192s] INFO:colcon.colcon_core.executor:Executing jobs using 'parallel' executor
[1.198s] DEBUG:colcon.colcon_parallel_executor.executor.parallel:run_until_complete
[1.199s] INFO:colcon.colcon_ros.task.ament_cmake.build:Building ROS package in '/home/matwac/drone_pi/src/mpu6050_publisher' with build type 'ament_cmake'
[1.200s] INFO:colcon.colcon_cmake.task.cmake.build:Building CMake package in '/home/matwac/drone_pi/src/mpu6050_publisher'
[1.230s] INFO:colcon.colcon_core.plugin_system:Skipping extension 'colcon_core.shell.bat': Not used on non-Windows systems
[1.232s] INFO:colcon.colcon_core.shell:Skip shell extension 'powershell' for command environment: Not usable outside of PowerShell
[1.233s] DEBUG:colcon.colcon_core.shell:Skip shell extension 'dsv' for command environment
[1.267s] DEBUG:colcon.colcon_core.event_handler.log_command:Invoking command in '/home/matwac/drone_pi/build/mpu6050_publisher': CMAKE_PREFIX_PATH=/opt/ros/iron /usr/bin/cmake /home/matwac/drone_pi/src/mpu6050_publisher -DCMAKE_INSTALL_PREFIX=/home/matwac/drone_pi/install/mpu6050_publisher
[23.560s] DEBUG:colcon.colcon_core.event_handler.log_command:Invoked command in '/home/matwac/drone_pi/build/mpu6050_publisher' returned '1': CMAKE_PREFIX_PATH=/opt/ros/iron /usr/bin/cmake /home/matwac/drone_pi/src/mpu6050_publisher -DCMAKE_INSTALL_PREFIX=/home/matwac/drone_pi/install/mpu6050_publisher
[23.575s] Level 1:colcon.colcon_core.environment:create_environment_scripts_only(mpu6050_publisher)
[23.583s] Level 1:colcon.colcon_core.environment:checking '/home/matwac/drone_pi/install/mpu6050_publisher' for CMake module files
[23.583s] Level 1:colcon.colcon_core.environment:checking '/home/matwac/drone_pi/install/mpu6050_publisher' for CMake config files
[23.584s] Level 1:colcon.colcon_core.environment:checking '/home/matwac/drone_pi/install/mpu6050_publisher/bin'
[23.584s] Level 1:colcon.colcon_core.environment:checking '/home/matwac/drone_pi/install/mpu6050_publisher/lib/pkgconfig/mpu6050_publisher.pc'
[23.585s] Level 1:colcon.colcon_core.environment:checking '/home/matwac/drone_pi/install/mpu6050_publisher/lib/python3.10/site-packages'
[23.585s] Level 1:colcon.colcon_core.environment:checking '/home/matwac/drone_pi/install/mpu6050_publisher/bin'
[23.588s] INFO:colcon.colcon_core.shell:Creating package script '/home/matwac/drone_pi/install/mpu6050_publisher/share/mpu6050_publisher/package.ps1'
[23.589s] INFO:colcon.colcon_core.shell:Creating package descriptor '/home/matwac/drone_pi/install/mpu6050_publisher/share/mpu6050_publisher/package.dsv'
[23.589s] INFO:colcon.colcon_core.shell:Creating package script '/home/matwac/drone_pi/install/mpu6050_publisher/share/mpu6050_publisher/package.sh'
[23.590s] INFO:colcon.colcon_core.shell:Creating package script '/home/matwac/drone_pi/install/mpu6050_publisher/share/mpu6050_publisher/package.bash'
[23.591s] INFO:colcon.colcon_core.shell:Creating package script '/home/matwac/drone_pi/install/mpu6050_publisher/share/mpu6050_publisher/package.zsh'
[23.592s] Level 1:colcon.colcon_core.environment:create_file_with_runtime_dependencies(/home/matwac/drone_pi/install/mpu6050_publisher/share/colcon-core/packages/mpu6050_publisher)
[23.603s] DEBUG:colcon.colcon_parallel_executor.executor.parallel:closing loop
[23.604s] DEBUG:colcon.colcon_parallel_executor.executor.parallel:loop closed
[23.604s] DEBUG:colcon.colcon_parallel_executor.executor.parallel:run_until_complete finished with '1'
[23.604s] DEBUG:colcon.colcon_core.event_reactor:joining thread
[23.776s] INFO:colcon.colcon_core.plugin_system:Skipping extension 'colcon_notification.desktop_notification.notify_send': Could not find 'notify-send'
[23.777s] INFO:colcon.colcon_core.plugin_system:Skipping extension 'colcon_notification.desktop_notification.terminal_notifier': Not used on non-Darwin systems
[23.777s] INFO:colcon.colcon_core.plugin_system:Skipping extension 'colcon_notification.desktop_notification.win32': Not used on non-Windows systems
[23.777s] INFO:colcon.colcon_notification.desktop_notification:Sending desktop notification using 'notify2'
[23.789s] DEBUG:colcon.colcon_notification.desktop_notification.notify2:Failed to initialize notify2: org.freedesktop.DBus.Error.ServiceUnknown: The name org.freedesktop.Notifications was not provided by any .service files
[23.789s] DEBUG:colcon.colcon_core.event_reactor:joined thread
[23.792s] INFO:colcon.colcon_core.shell:Creating prefix script '/home/matwac/drone_pi/install/local_setup.ps1'
[23.794s] INFO:colcon.colcon_core.shell:Creating prefix util module '/home/matwac/drone_pi/install/_local_setup_util_ps1.py'
[23.796s] INFO:colcon.colcon_core.shell:Creating prefix chain script '/home/matwac/drone_pi/install/setup.ps1'
[23.798s] INFO:colcon.colcon_core.shell:Creating prefix script '/home/matwac/drone_pi/install/local_setup.sh'
[23.800s] INFO:colcon.colcon_core.shell:Creating prefix util module '/home/matwac/drone_pi/install/_local_setup_util_sh.py'
[23.801s] INFO:colcon.colcon_core.shell:Creating prefix chain script '/home/matwac/drone_pi/install/setup.sh'
[23.804s] INFO:colcon.colcon_core.shell:Creating prefix script '/home/matwac/drone_pi/install/local_setup.bash'
[23.806s] INFO:colcon.colcon_core.shell:Creating prefix chain script '/home/matwac/drone_pi/install/setup.bash'
[23.810s] INFO:colcon.colcon_core.shell:Creating prefix script '/home/matwac/drone_pi/install/local_setup.zsh'
[23.811s] INFO:colcon.colcon_core.shell:Creating prefix chain script '/home/matwac/drone_pi/install/setup.zsh'
