[0.028s] Invoking command in '/home/matwac/drone_pi/build/mpu6050_publisher': CMAKE_PREFIX_PATH=/opt/ros/iron /usr/bin/cmake --build /home/matwac/drone_pi/build/mpu6050_publisher -- -j8 -l8
[0.086s] [  2%] [32mBuilding CXX object CMakeFiles/mpu.dir/src/MPU6050.cpp.o[0m
[0.087s] [  5%] Built target mpu6050_publisher__rosidl_generator_type_description
[0.099s] [01m[K/home/matwac/drone_pi/src/mpu6050_publisher/src/MPU6050.cpp:6:10:[m[K [01;31m[Kfatal error: [m[Klibmpu/MPU6050.h: No such file or directory
[0.099s]     6 | #include [01;31m[K"libmpu/MPU6050.h"[m[K
[0.100s]       |          [01;31m[K^~~~~~~~~~~~~~~~~~[m[K
[0.101s] compilation terminated.
[0.101s] gmake[2]: *** [CMakeFiles/mpu.dir/build.make:76: CMakeFiles/mpu.dir/src/MPU6050.cpp.o] Error 1
[0.101s] [  5%] Built target ament_cmake_python_copy_mpu6050_publisher
[0.101s] gmake[1]: *** [CMakeFiles/Makefile2:625: CMakeFiles/mpu.dir/all] Error 2
[0.101s] gmake[1]: *** Waiting for unfinished jobs....
[0.103s] [  7%] [34m[1mGenerating C code for ROS interfaces[0m
[0.116s] [ 10%] [34m[1mGenerating C++ code for ROS interfaces[0m
[0.590s] [ 10%] Built target mpu6050_publisher__cpp
[0.677s] [ 13%] [32mBuilding C object CMakeFiles/mpu6050_publisher__rosidl_generator_c.dir/rosidl_generator_c/mpu6050_publisher/msg/detail/angles__description.c.o[0m
[0.678s] [ 15%] [32mBuilding C object CMakeFiles/mpu6050_publisher__rosidl_generator_c.dir/rosidl_generator_c/mpu6050_publisher/msg/detail/angles__type_support.c.o[0m
[0.679s] [ 18%] [32mBuilding C object CMakeFiles/mpu6050_publisher__rosidl_generator_c.dir/rosidl_generator_c/mpu6050_publisher/msg/detail/angles__functions.c.o[0m
[0.779s] [ 21%] [32m[1mLinking C shared library lib/libmpu6050_publisher__rosidl_generator_c.so[0m
[1.151s] [ 21%] Built target mpu6050_publisher__rosidl_generator_c
[1.153s] gmake: *** [Makefile:146: all] Error 2
[1.157s] Invoked command in '/home/matwac/drone_pi/build/mpu6050_publisher' returned '2': CMAKE_PREFIX_PATH=/opt/ros/iron /usr/bin/cmake --build /home/matwac/drone_pi/build/mpu6050_publisher -- -j8 -l8
